<?xml version="1.0" encoding="UTF-8"?>
<!-- Generated by org.testng.reporters.JUnitXMLReporter -->
<testsuite hostname="LSTKEN13706" ignored="0" name="Default test" tests="4" failures="0" timestamp="26 sep 2019 22:46:35 GMT" time="36.622" errors="0">
  <testcase name="noDBError" time="0.019" classname="com.softtek.test.RegisterUsers"/>
  <testcase name="registerUserInformation" time="24.065" classname="com.softtek.test.RegisterUsers"/>
  <testcase name="registerUserInformation" time="5.319" classname="com.softtek.test.RegisterUsers"/>
  <testcase name="registerUserInformation" time="4.05" classname="com.softtek.test.RegisterUsers"/>
</testsuite> <!-- Default test -->
